# JRE version: OpenJDK Runtime Environment Corretto-11.0.15.9.1 (11.0.15+9) (build 11.0.15+9-LTS)
# Java VM: OpenJDK 64-Bit Server VM Corretto-11.0.15.9.1 (11.0.15+9-LTS, mixed mode, tiered, compressed oops, g1 gc, windows-amd64)
Heap:
 garbage-first heap   total 129024K, used 36406K [0x0000000082000000, 0x0000000100000000)
  region size 1024K, 29 young (29696K), 6 survivors (6144K)
 Metaspace       used 37938K, capacity 39054K, committed 39376K, reserved 1083392K
  class space    used 4847K, capacity 5281K, committed 5376K, reserved 1048576K
GC Heap History (14 events):
Event: 0.823 GC heap before
{Heap before GC invocations=0 (full 0):
 garbage-first heap   total 129024K, used 14336K [0x0000000082000000, 0x0000000100000000)
  region size 1024K, 14 young (14336K), 0 survivors (0K)
 Metaspace       used 9764K, capacity 10010K, committed 10240K, reserved 1058816K
  class space    used 904K, capacity 981K, committed 1024K, reserved 1048576K
}
Event: 0.827 GC heap after
{Heap after GC invocations=1 (full 0):
 garbage-first heap   total 129024K, used 6943K [0x0000000082000000, 0x0000000100000000)
  region size 1024K, 2 young (2048K), 2 survivors (2048K)
 Metaspace       used 9764K, capacity 10010K, committed 10240K, reserved 1058816K
  class space    used 904K, capacity 981K, committed 1024K, reserved 1048576K
}
Event: 1.041 GC heap before
{Heap before GC invocations=1 (full 0):
 garbage-first heap   total 129024K, used 14111K [0x0000000082000000, 0x0000000100000000)
  region size 1024K, 9 young (9216K), 2 survivors (2048K)
 Metaspace       used 11088K, capacity 11427K, committed 11776K, reserved 1060864K
  class space    used 1063K, capacity 1158K, committed 1280K, reserved 1048576K
}
Event: 1.044 GC heap after
{Heap after GC invocations=2 (full 0):
 garbage-first heap   total 129024K, used 8038K [0x0000000082000000, 0x0000000100000000)
  region size 1024K, 1 young (1024K), 1 survivors (1024K)
 Metaspace       used 11088K, capacity 11427K, committed 11776K, reserved 1060864K
  class space    used 1063K, capacity 1158K, committed 1280K, reserved 1048576K
}
Event: 1.589 GC heap before
{Heap before GC invocations=2 (full 0):
 garbage-first heap   total 129024K, used 30566K [0x0000000082000000, 0x0000000100000000)
  region size 1024K, 24 young (24576K), 1 survivors (1024K)
 Metaspace       used 15714K, capacity 16266K, committed 16512K, reserved 1064960K
  class space    used 1645K, capacity 1841K, committed 1920K, reserved 1048576K
}
Event: 1.592 GC heap after
{Heap after GC invocations=3 (full 0):
 garbage-first heap   total 129024K, used 9406K [0x0000000082000000, 0x0000000100000000)
  region size 1024K, 3 young (3072K), 3 survivors (3072K)
 Metaspace       used 15714K, capacity 16266K, committed 16512K, reserved 1064960K
  class space    used 1645K, capacity 1841K, committed 1920K, reserved 1048576K
}
Event: 2.187 GC heap before
{Heap before GC invocations=3 (full 0):
 garbage-first heap   total 129024K, used 45246K [0x0000000082000000, 0x0000000100000000)
  region size 1024K, 38 young (38912K), 3 survivors (3072K)
 Metaspace       used 19852K, capacity 20533K, committed 20864K, reserved 1067008K
  class space    used 2316K, capacity 2577K, committed 2688K, reserved 1048576K
}
Event: 2.190 GC heap after
{Heap after GC invocations=4 (full 0):
 garbage-first heap   total 129024K, used 10355K [0x0000000082000000, 0x0000000100000000)
  region size 1024K, 3 young (3072K), 3 survivors (3072K)
 Metaspace       used 19852K, capacity 20533K, committed 20864K, reserved 1067008K
  class space    used 2316K, capacity 2577K, committed 2688K, reserved 1048576K
}
Event: 2.273 GC heap before
{Heap before GC invocations=4 (full 0):
 garbage-first heap   total 129024K, used 17523K [0x0000000082000000, 0x0000000100000000)
  region size 1024K, 11 young (11264K), 3 survivors (3072K)
 Metaspace       used 20535K, capacity 21211K, committed 21296K, reserved 1069056K
  class space    used 2430K, capacity 2675K, committed 2688K, reserved 1048576K
}
Event: 2.282 GC heap after
{Heap after GC invocations=5 (full 0):
 garbage-first heap   total 129024K, used 10367K [0x0000000082000000, 0x0000000100000000)
  region size 1024K, 3 young (3072K), 3 survivors (3072K)
 Metaspace       used 20535K, capacity 21211K, committed 21296K, reserved 1069056K
  class space    used 2430K, capacity 2675K, committed 2688K, reserved 1048576K
}
Event: 3.096 GC heap before
{Heap before GC invocations=6 (full 0):
 garbage-first heap   total 129024K, used 64639K [0x0000000082000000, 0x0000000100000000)
  region size 1024K, 56 young (57344K), 3 survivors (3072K)
 Metaspace       used 29236K, capacity 30195K, committed 30464K, reserved 1075200K
  class space    used 3694K, capacity 4056K, committed 4096K, reserved 1048576K
}
Event: 3.102 GC heap after
{Heap after GC invocations=7 (full 0):
 garbage-first heap   total 129024K, used 12246K [0x0000000082000000, 0x0000000100000000)
  region size 1024K, 5 young (5120K), 5 survivors (5120K)
 Metaspace       used 29236K, capacity 30195K, committed 30464K, reserved 1075200K
  class space    used 3694K, capacity 4056K, committed 4096K, reserved 1048576K
}
Event: 3.543 GC heap before
{Heap before GC invocations=7 (full 0):
 garbage-first heap   total 129024K, used 67542K [0x0000000082000000, 0x0000000100000000)
  region size 1024K, 61 young (62464K), 5 survivors (5120K)
 Metaspace       used 34960K, capacity 35998K, committed 36048K, reserved 1081344K
  class space    used 4430K, capacity 4861K, committed 4864K, reserved 1048576K
}
Event: 3.556 GC heap after
{Heap after GC invocations=8 (full 0):
 garbage-first heap   total 129024K, used 14902K [0x0000000082000000, 0x0000000100000000)
  region size 1024K, 6 young (6144K), 6 survivors (6144K)
 Metaspace       used 34960K, capacity 35998K, committed 36048K, reserved 1081344K
  class space    used 4430K, capacity 4861K, committed 4864K, reserved 1048576K
}

