# JRE version: OpenJDK Runtime Environment Corretto-11.0.15.9.1 (11.0.15+9) (build 11.0.15+9-LTS)
# Java VM: OpenJDK 64-Bit Server VM Corretto-11.0.15.9.1 (11.0.15+9-LTS, mixed mode, tiered, compressed oops, g1 gc, windows-amd64)
Heap:
 garbage-first heap   total 129024K, used 26984K [0x0000000082000000, 0x0000000100000000)
  region size 1024K, 6 young (6144K), 6 survivors (6144K)
 Metaspace       used 59638K, capacity 61731K, committed 61776K, reserved 1101824K
  class space    used 7749K, capacity 8608K, committed 8608K, reserved 1048576K
GC Heap History (20 events):
Event: 4.912 GC heap before
{Heap before GC invocations=1 (full 0):
 garbage-first heap   total 129024K, used 19714K [0x0000000082000000, 0x0000000100000000)
  region size 1024K, 15 young (15360K), 2 survivors (2048K)
 Metaspace       used 15004K, capacity 15496K, committed 15616K, reserved 1062912K
  class space    used 1594K, capacity 1755K, committed 1792K, reserved 1048576K
}
Event: 4.916 GC heap after
{Heap after GC invocations=2 (full 0):
 garbage-first heap   total 129024K, used 8197K [0x0000000082000000, 0x0000000100000000)
  region size 1024K, 2 young (2048K), 2 survivors (2048K)
 Metaspace       used 15004K, capacity 15496K, committed 15616K, reserved 1062912K
  class space    used 1594K, capacity 1755K, committed 1792K, reserved 1048576K
}
Event: 5.375 GC heap before
{Heap before GC invocations=2 (full 0):
 garbage-first heap   total 129024K, used 34821K [0x0000000082000000, 0x0000000100000000)
  region size 1024K, 28 young (28672K), 2 survivors (2048K)
 Metaspace       used 19155K, capacity 19856K, committed 19968K, reserved 1067008K
  class space    used 2217K, capacity 2500K, committed 2560K, reserved 1048576K
}
Event: 5.378 GC heap after
{Heap after GC invocations=3 (full 0):
 garbage-first heap   total 129024K, used 9554K [0x0000000082000000, 0x0000000100000000)
  region size 1024K, 3 young (3072K), 3 survivors (3072K)
 Metaspace       used 19155K, capacity 19856K, committed 19968K, reserved 1067008K
  class space    used 2217K, capacity 2500K, committed 2560K, reserved 1048576K
}
Event: 5.547 GC heap before
{Heap before GC invocations=3 (full 0):
 garbage-first heap   total 129024K, used 15698K [0x0000000082000000, 0x0000000100000000)
  region size 1024K, 11 young (11264K), 3 survivors (3072K)
 Metaspace       used 20493K, capacity 21259K, committed 21552K, reserved 1069056K
  class space    used 2365K, capacity 2674K, committed 2688K, reserved 1048576K
}
Event: 5.551 GC heap after
{Heap after GC invocations=4 (full 0):
 garbage-first heap   total 129024K, used 9889K [0x0000000082000000, 0x0000000100000000)
  region size 1024K, 4 young (4096K), 4 survivors (4096K)
 Metaspace       used 20493K, capacity 21259K, committed 21552K, reserved 1069056K
  class space    used 2365K, capacity 2674K, committed 2688K, reserved 1048576K
}
Event: 7.124 GC heap before
{Heap before GC invocations=5 (full 0):
 garbage-first heap   total 129024K, used 50849K [0x0000000082000000, 0x0000000100000000)
  region size 1024K, 45 young (46080K), 4 survivors (4096K)
 Metaspace       used 25139K, capacity 26039K, committed 26364K, reserved 1073152K
  class space    used 2941K, capacity 3289K, committed 3404K, reserved 1048576K
}
Event: 7.132 GC heap after
{Heap after GC invocations=6 (full 0):
 garbage-first heap   total 129024K, used 11657K [0x0000000082000000, 0x0000000100000000)
  region size 1024K, 5 young (5120K), 5 survivors (5120K)
 Metaspace       used 25139K, capacity 26039K, committed 26364K, reserved 1073152K
  class space    used 2941K, capacity 3289K, committed 3404K, reserved 1048576K
}
Event: 8.513 GC heap before
{Heap before GC invocations=6 (full 0):
 garbage-first heap   total 129024K, used 83337K [0x0000000082000000, 0x0000000100000000)
  region size 1024K, 75 young (76800K), 5 survivors (5120K)
 Metaspace       used 28143K, capacity 29138K, committed 29436K, reserved 1075200K
  class space    used 3410K, capacity 3801K, committed 3916K, reserved 1048576K
}
Event: 8.536 GC heap after
{Heap after GC invocations=7 (full 0):
 garbage-first heap   total 129024K, used 13674K [0x0000000082000000, 0x0000000100000000)
  region size 1024K, 7 young (7168K), 7 survivors (7168K)
 Metaspace       used 28143K, capacity 29138K, committed 29436K, reserved 1075200K
  class space    used 3410K, capacity 3801K, committed 3916K, reserved 1048576K
}
Event: 10.932 GC heap before
{Heap before GC invocations=7 (full 0):
 garbage-first heap   total 129024K, used 79210K [0x0000000082000000, 0x0000000100000000)
  region size 1024K, 72 young (73728K), 7 survivors (7168K)
 Metaspace       used 34670K, capacity 35949K, committed 36048K, reserved 1081344K
  class space    used 4302K, capacity 4853K, committed 4896K, reserved 1048576K
}
Event: 10.948 GC heap after
{Heap after GC invocations=8 (full 0):
 garbage-first heap   total 129024K, used 17456K [0x0000000082000000, 0x0000000100000000)
  region size 1024K, 8 young (8192K), 8 survivors (8192K)
 Metaspace       used 34670K, capacity 35949K, committed 36048K, reserved 1081344K
  class space    used 4302K, capacity 4853K, committed 4896K, reserved 1048576K
}
Event: 16.637 GC heap before
{Heap before GC invocations=9 (full 0):
 garbage-first heap   total 129024K, used 86064K [0x0000000082000000, 0x0000000100000000)
  region size 1024K, 75 young (76800K), 8 survivors (8192K)
 Metaspace       used 44714K, capacity 46328K, committed 46544K, reserved 1089536K
  class space    used 5669K, capacity 6330K, committed 6432K, reserved 1048576K
}
Event: 16.659 GC heap after
{Heap after GC invocations=10 (full 0):
 garbage-first heap   total 129024K, used 20801K [0x0000000082000000, 0x0000000100000000)
  region size 1024K, 8 young (8192K), 8 survivors (8192K)
 Metaspace       used 44714K, capacity 46328K, committed 46544K, reserved 1089536K
  class space    used 5669K, capacity 6330K, committed 6432K, reserved 1048576K
}
Event: 21.914 GC heap before
{Heap before GC invocations=10 (full 0):
 garbage-first heap   total 129024K, used 89409K [0x0000000082000000, 0x0000000100000000)
  region size 1024K, 75 young (76800K), 8 survivors (8192K)
 Metaspace       used 55318K, capacity 57158K, committed 57296K, reserved 1099776K
  class space    used 7167K, capacity 7934K, committed 7968K, reserved 1048576K
}
Event: 21.922 GC heap after
{Heap after GC invocations=11 (full 0):
 garbage-first heap   total 129024K, used 23853K [0x0000000082000000, 0x0000000100000000)
  region size 1024K, 7 young (7168K), 7 survivors (7168K)
 Metaspace       used 55318K, capacity 57158K, committed 57296K, reserved 1099776K
  class space    used 7167K, capacity 7934K, committed 7968K, reserved 1048576K
}
Event: 23.134 GC heap before
{Heap before GC invocations=11 (full 0):
 garbage-first heap   total 129024K, used 65837K [0x0000000082000000, 0x0000000100000000)
  region size 1024K, 49 young (50176K), 7 survivors (7168K)
 Metaspace       used 58334K, capacity 60369K, committed 60496K, reserved 1101824K
  class space    used 7540K, capacity 8326K, committed 8352K, reserved 1048576K
}
Event: 23.141 GC heap after
{Heap after GC invocations=12 (full 0):
 garbage-first heap   total 129024K, used 25517K [0x0000000082000000, 0x0000000100000000)
  region size 1024K, 5 young (5120K), 5 survivors (5120K)
 Metaspace       used 58334K, capacity 60369K, committed 60496K, reserved 1101824K
  class space    used 7540K, capacity 8326K, committed 8352K, reserved 1048576K
}
Event: 23.470 GC heap before
{Heap before GC invocations=13 (full 0):
 garbage-first heap   total 129024K, used 52141K [0x0000000082000000, 0x0000000100000000)
  region size 1024K, 32 young (32768K), 5 survivors (5120K)
 Metaspace       used 59638K, capacity 61731K, committed 61776K, reserved 1101824K
  class space    used 7749K, capacity 8608K, committed 8608K, reserved 1048576K
}
Event: 23.477 GC heap after
{Heap after GC invocations=14 (full 0):
 garbage-first heap   total 129024K, used 26984K [0x0000000082000000, 0x0000000100000000)
  region size 1024K, 6 young (6144K), 6 survivors (6144K)
 Metaspace       used 59638K, capacity 61731K, committed 61776K, reserved 1101824K
  class space    used 7749K, capacity 8608K, committed 8608K, reserved 1048576K
}

